{"/home/richo/repos/jitera-auction/src/domain/bid/usecase/helper.ts": {"path":"/home/richo/repos/jitera-auction/src/domain/bid/usecase/helper.ts","statementMap":{"0":{"start":{"line":3,"column":40},"end":{"line":18,"column":1}},"1":{"start":{"line":5,"column":27},"end":{"line":5,"column":37}},"2":{"start":{"line":6,"column":4},"end":{"line":6,"column":63}},"3":{"start":{"line":9,"column":24},"end":{"line":9,"column":34}},"4":{"start":{"line":12,"column":4},"end":{"line":15,"column":null}},"5":{"start":{"line":14,"column":6},"end":{"line":14,"column":18}},"6":{"start":{"line":17,"column":4},"end":{"line":17,"column":39}},"7":{"start":{"line":3,"column":13},"end":{"line":3,"column":40}},"8":{"start":{"line":20,"column":28},"end":{"line":41,"column":1}},"9":{"start":{"line":33,"column":2},"end":{"line":35,"column":null}},"10":{"start":{"line":34,"column":4},"end":{"line":34,"column":34}},"11":{"start":{"line":38,"column":2},"end":{"line":40,"column":null}},"12":{"start":{"line":39,"column":4},"end":{"line":39,"column":37}},"13":{"start":{"line":20,"column":13},"end":{"line":20,"column":28}},"14":{"start":{"line":43,"column":35},"end":{"line":47,"column":1}},"15":{"start":{"line":44,"column":2},"end":{"line":46,"column":null}},"16":{"start":{"line":45,"column":4},"end":{"line":45,"column":44}},"17":{"start":{"line":43,"column":13},"end":{"line":43,"column":35}},"18":{"start":{"line":49,"column":31},"end":{"line":58,"column":1}},"19":{"start":{"line":50,"column":2},"end":{"line":52,"column":null}},"20":{"start":{"line":51,"column":4},"end":{"line":51,"column":11}},"21":{"start":{"line":55,"column":2},"end":{"line":57,"column":null}},"22":{"start":{"line":56,"column":4},"end":{"line":56,"column":42}},"23":{"start":{"line":49,"column":13},"end":{"line":49,"column":31}},"24":{"start":{"line":60,"column":42},"end":{"line":86,"column":1}},"25":{"start":{"line":62,"column":2},"end":{"line":62,"column":62}},"26":{"start":{"line":62,"column":22},"end":{"line":62,"column":60}},"27":{"start":{"line":65,"column":22},"end":{"line":82,"column":8}},"28":{"start":{"line":66,"column":4},"end":{"line":73,"column":null}},"29":{"start":{"line":68,"column":6},"end":{"line":72,"column":8}},"30":{"start":{"line":76,"column":4},"end":{"line":76,"column":52}},"31":{"start":{"line":79,"column":4},"end":{"line":79,"column":38}},"32":{"start":{"line":81,"column":4},"end":{"line":81,"column":15}},"33":{"start":{"line":85,"column":2},"end":{"line":85,"column":36}},"34":{"start":{"line":60,"column":13},"end":{"line":60,"column":42}}},"fnMap":{"0":{"name":"(anonymous_0)","decl":{"start":{"line":3,"column":40},"end":{"line":3,"column":41}},"loc":{"start":{"line":3,"column":89},"end":{"line":18,"column":1}}},"1":{"name":"(anonymous_1)","decl":{"start":{"line":20,"column":28},"end":{"line":20,"column":29}},"loc":{"start":{"line":20,"column":77},"end":{"line":41,"column":1}}},"2":{"name":"(anonymous_2)","decl":{"start":{"line":43,"column":35},"end":{"line":43,"column":36}},"loc":{"start":{"line":43,"column":70},"end":{"line":47,"column":1}}},"3":{"name":"(anonymous_3)","decl":{"start":{"line":49,"column":31},"end":{"line":49,"column":32}},"loc":{"start":{"line":49,"column":64},"end":{"line":58,"column":1}}},"4":{"name":"(anonymous_4)","decl":{"start":{"line":60,"column":42},"end":{"line":60,"column":43}},"loc":{"start":{"line":60,"column":61},"end":{"line":86,"column":1}}},"5":{"name":"(anonymous_5)","decl":{"start":{"line":62,"column":12},"end":{"line":62,"column":13}},"loc":{"start":{"line":62,"column":22},"end":{"line":62,"column":60}}},"6":{"name":"(anonymous_6)","decl":{"start":{"line":65,"column":34},"end":{"line":65,"column":35}},"loc":{"start":{"line":65,"column":47},"end":{"line":82,"column":3}}}},"branchMap":{"0":{"loc":{"start":{"line":12,"column":4},"end":{"line":15,"column":null}},"type":"if","locations":[{"start":{"line":12,"column":4},"end":{"line":15,"column":null}}]},"1":{"loc":{"start":{"line":33,"column":2},"end":{"line":35,"column":null}},"type":"if","locations":[{"start":{"line":33,"column":2},"end":{"line":35,"column":null}}]},"2":{"loc":{"start":{"line":38,"column":2},"end":{"line":40,"column":null}},"type":"if","locations":[{"start":{"line":38,"column":2},"end":{"line":40,"column":null}}]},"3":{"loc":{"start":{"line":44,"column":2},"end":{"line":46,"column":null}},"type":"if","locations":[{"start":{"line":44,"column":2},"end":{"line":46,"column":null}}]},"4":{"loc":{"start":{"line":50,"column":2},"end":{"line":52,"column":null}},"type":"if","locations":[{"start":{"line":50,"column":2},"end":{"line":52,"column":null}}]},"5":{"loc":{"start":{"line":55,"column":2},"end":{"line":57,"column":null}},"type":"if","locations":[{"start":{"line":55,"column":2},"end":{"line":57,"column":null}}]},"6":{"loc":{"start":{"line":66,"column":4},"end":{"line":73,"column":null}},"type":"if","locations":[{"start":{"line":66,"column":4},"end":{"line":73,"column":null}}]}},"s":{"0":0,"1":0,"2":0,"3":0,"4":0,"5":0,"6":0,"7":0,"8":0,"9":0,"10":0,"11":0,"12":0,"13":0,"14":0,"15":0,"16":0,"17":0,"18":0,"19":0,"20":0,"21":0,"22":0,"23":0,"24":0,"25":0,"26":0,"27":0,"28":0,"29":0,"30":0,"31":0,"32":0,"33":0,"34":0},"f":{"0":0,"1":0,"2":0,"3":0,"4":0,"5":0,"6":0},"b":{"0":[0],"1":[0],"2":[0],"3":[0],"4":[0],"5":[0],"6":[0]}}
,"/home/richo/repos/jitera-auction/src/domain/bid/usecase/index.ts": {"path":"/home/richo/repos/jitera-auction/src/domain/bid/usecase/index.ts","statementMap":{"0":{"start":{"line":8,"column":0},"end":{"line":8,"column":132}},"1":{"start":{"line":19,"column":8},"end":{"line":19,"column":31}},"2":{"start":{"line":20,"column":8},"end":{"line":20,"column":53}},"3":{"start":{"line":21,"column":8},"end":{"line":21,"column":39}},"4":{"start":{"line":22,"column":8},"end":{"line":22,"column":33}},"5":{"start":{"line":23,"column":8},"end":{"line":23,"column":53}},"6":{"start":{"line":27,"column":20},"end":{"line":27,"column":57}},"7":{"start":{"line":29,"column":8},"end":{"line":157,"column":null}},"8":{"start":{"line":30,"column":27},"end":{"line":30,"column":78}},"9":{"start":{"line":32,"column":12},"end":{"line":32,"column":32}},"10":{"start":{"line":34,"column":12},"end":{"line":34,"column":60}},"11":{"start":{"line":36,"column":12},"end":{"line":36,"column":59}},"12":{"start":{"line":38,"column":36},"end":{"line":38,"column":88}},"13":{"start":{"line":41,"column":12},"end":{"line":43,"column":null}},"14":{"start":{"line":42,"column":16},"end":{"line":42,"column":57}},"15":{"start":{"line":46,"column":12},"end":{"line":46,"column":67}},"16":{"start":{"line":49,"column":12},"end":{"line":49,"column":94}},"17":{"start":{"line":65,"column":32},"end":{"line":65,"column":88}},"18":{"start":{"line":67,"column":12},"end":{"line":67,"column":37}},"19":{"start":{"line":69,"column":12},"end":{"line":103,"column":null}},"20":{"start":{"line":70,"column":41},"end":{"line":70,"column":80}},"21":{"start":{"line":72,"column":16},"end":{"line":102,"column":null}},"22":{"start":{"line":74,"column":41},"end":{"line":74,"column":101}},"23":{"start":{"line":76,"column":20},"end":{"line":76,"column":49}},"24":{"start":{"line":79,"column":56},"end":{"line":82,"column":22}},"25":{"start":{"line":85,"column":20},"end":{"line":91,"column":23}},"26":{"start":{"line":94,"column":47},"end":{"line":94,"column":67}},"27":{"start":{"line":96,"column":20},"end":{"line":101,"column":null}},"28":{"start":{"line":97,"column":24},"end":{"line":100,"column":null}},"29":{"start":{"line":106,"column":34},"end":{"line":106,"column":85}},"30":{"start":{"line":113,"column":37},"end":{"line":118,"column":null}},"31":{"start":{"line":122,"column":48},"end":{"line":126,"column":14}},"32":{"start":{"line":130,"column":41},"end":{"line":133,"column":14}},"33":{"start":{"line":135,"column":33},"end":{"line":139,"column":14}},"34":{"start":{"line":142,"column":12},"end":{"line":149,"column":15}},"35":{"start":{"line":151,"column":12},"end":{"line":151,"column":54}},"36":{"start":{"line":152,"column":12},"end":{"line":152,"column":30}},"37":{"start":{"line":154,"column":12},"end":{"line":154,"column":31}},"38":{"start":{"line":155,"column":12},"end":{"line":155,"column":56}},"39":{"start":{"line":156,"column":12},"end":{"line":156,"column":24}},"40":{"start":{"line":11,"column":0},"end":{"line":11,"column":21}}},"fnMap":{"0":{"name":"(anonymous_7)","decl":{"start":{"line":18,"column":4},"end":{"line":18,"column":16}},"loc":{"start":{"line":18,"column":168},"end":{"line":24,"column":5}}},"1":{"name":"(anonymous_8)","decl":{"start":{"line":26,"column":10},"end":{"line":26,"column":16}},"loc":{"start":{"line":26,"column":44},"end":{"line":158,"column":null}}}},"branchMap":{"0":{"loc":{"start":{"line":41,"column":12},"end":{"line":43,"column":null}},"type":"if","locations":[{"start":{"line":41,"column":12},"end":{"line":43,"column":null}}]},"1":{"loc":{"start":{"line":69,"column":12},"end":{"line":103,"column":null}},"type":"if","locations":[{"start":{"line":69,"column":12},"end":{"line":103,"column":null}}]}},"s":{"0":0,"1":0,"2":0,"3":0,"4":0,"5":0,"6":0,"7":0,"8":0,"9":0,"10":0,"11":0,"12":0,"13":0,"14":0,"15":0,"16":0,"17":0,"18":0,"19":0,"20":0,"21":0,"22":0,"23":0,"24":0,"25":0,"26":0,"27":0,"28":0,"29":0,"30":0,"31":0,"32":0,"33":0,"34":0,"35":0,"36":0,"37":0,"38":0,"39":0,"40":0},"f":{"0":0,"1":0},"b":{"0":[0],"1":[0]}}
,"/home/richo/repos/jitera-auction/src/domain/product/usecase/helper.ts": {"path":"/home/richo/repos/jitera-auction/src/domain/product/usecase/helper.ts","statementMap":{"0":{"start":{"line":3,"column":42},"end":{"line":18,"column":1}},"1":{"start":{"line":5,"column":27},"end":{"line":5,"column":37}},"2":{"start":{"line":6,"column":4},"end":{"line":6,"column":63}},"3":{"start":{"line":9,"column":24},"end":{"line":9,"column":34}},"4":{"start":{"line":12,"column":4},"end":{"line":15,"column":null}},"5":{"start":{"line":13,"column":6},"end":{"line":13,"column":37}},"6":{"start":{"line":14,"column":6},"end":{"line":14,"column":18}},"7":{"start":{"line":17,"column":4},"end":{"line":17,"column":17}},"8":{"start":{"line":3,"column":13},"end":{"line":3,"column":42}}},"fnMap":{"0":{"name":"(anonymous_0)","decl":{"start":{"line":3,"column":42},"end":{"line":3,"column":43}},"loc":{"start":{"line":3,"column":91},"end":{"line":18,"column":1}}}},"branchMap":{"0":{"loc":{"start":{"line":12,"column":4},"end":{"line":15,"column":null}},"type":"if","locations":[{"start":{"line":12,"column":4},"end":{"line":15,"column":null}}]}},"s":{"0":0,"1":0,"2":0,"3":0,"4":0,"5":0,"6":0,"7":0,"8":0},"f":{"0":0},"b":{"0":[0]}}
,"/home/richo/repos/jitera-auction/src/domain/product/usecase/index.ts": {"path":"/home/richo/repos/jitera-auction/src/domain/product/usecase/index.ts","statementMap":{"0":{"start":{"line":5,"column":0},"end":{"line":5,"column":84}},"1":{"start":{"line":16,"column":8},"end":{"line":16,"column":53}},"2":{"start":{"line":17,"column":8},"end":{"line":17,"column":39}},"3":{"start":{"line":18,"column":8},"end":{"line":18,"column":31}},"4":{"start":{"line":19,"column":8},"end":{"line":19,"column":33}},"5":{"start":{"line":26,"column":20},"end":{"line":26,"column":57}},"6":{"start":{"line":28,"column":8},"end":{"line":36,"column":null}},"7":{"start":{"line":29,"column":29},"end":{"line":29,"column":86}},"8":{"start":{"line":31,"column":12},"end":{"line":31,"column":54}},"9":{"start":{"line":32,"column":12},"end":{"line":32,"column":28}},"10":{"start":{"line":34,"column":12},"end":{"line":34,"column":56}},"11":{"start":{"line":35,"column":12},"end":{"line":35,"column":24}},"12":{"start":{"line":40,"column":20},"end":{"line":40,"column":57}},"13":{"start":{"line":42,"column":8},"end":{"line":52,"column":null}},"14":{"start":{"line":43,"column":12},"end":{"line":43,"column":58}},"15":{"start":{"line":45,"column":27},"end":{"line":45,"column":70}},"16":{"start":{"line":47,"column":12},"end":{"line":47,"column":54}},"17":{"start":{"line":48,"column":12},"end":{"line":48,"column":26}},"18":{"start":{"line":50,"column":12},"end":{"line":50,"column":56}},"19":{"start":{"line":51,"column":12},"end":{"line":51,"column":24}},"20":{"start":{"line":56,"column":20},"end":{"line":56,"column":57}},"21":{"start":{"line":58,"column":8},"end":{"line":83,"column":null}},"22":{"start":{"line":59,"column":29},"end":{"line":59,"column":76}},"23":{"start":{"line":61,"column":12},"end":{"line":77,"column":null}},"24":{"start":{"line":62,"column":16},"end":{"line":76,"column":null}},"25":{"start":{"line":63,"column":20},"end":{"line":75,"column":null}},"26":{"start":{"line":65,"column":24},"end":{"line":74,"column":27}},"27":{"start":{"line":79,"column":12},"end":{"line":79,"column":54}},"28":{"start":{"line":81,"column":12},"end":{"line":81,"column":56}},"29":{"start":{"line":82,"column":12},"end":{"line":82,"column":24}},"30":{"start":{"line":9,"column":0},"end":{"line":9,"column":21}}},"fnMap":{"0":{"name":"(anonymous_7)","decl":{"start":{"line":15,"column":4},"end":{"line":15,"column":16}},"loc":{"start":{"line":15,"column":127},"end":{"line":20,"column":5}}},"1":{"name":"(anonymous_8)","decl":{"start":{"line":25,"column":10},"end":{"line":25,"column":14}},"loc":{"start":{"line":25,"column":29},"end":{"line":37,"column":null}}},"2":{"name":"(anonymous_10)","decl":{"start":{"line":39,"column":10},"end":{"line":39,"column":16}},"loc":{"start":{"line":39,"column":50},"end":{"line":53,"column":null}}},"3":{"name":"(anonymous_12)","decl":{"start":{"line":55,"column":10},"end":{"line":55,"column":27}},"loc":{"start":{"line":55,"column":27},"end":{"line":84,"column":null}}}},"branchMap":{"0":{"loc":{"start":{"line":61,"column":12},"end":{"line":77,"column":null}},"type":"if","locations":[{"start":{"line":61,"column":12},"end":{"line":77,"column":null}}]},"1":{"loc":{"start":{"line":63,"column":20},"end":{"line":75,"column":null}},"type":"if","locations":[{"start":{"line":63,"column":20},"end":{"line":75,"column":null}}]}},"s":{"0":0,"1":0,"2":0,"3":0,"4":0,"5":0,"6":0,"7":0,"8":0,"9":0,"10":0,"11":0,"12":0,"13":0,"14":0,"15":0,"16":0,"17":0,"18":0,"19":0,"20":0,"21":0,"22":0,"23":0,"24":0,"25":0,"26":0,"27":0,"28":0,"29":0,"30":0},"f":{"0":0,"1":0,"2":0,"3":0},"b":{"0":[0],"1":[0]}}
,"/home/richo/repos/jitera-auction/src/domain/user/usecase/index.ts": {"path":"/home/richo/repos/jitera-auction/src/domain/user/usecase/index.ts","statementMap":{"0":{"start":{"line":1,"column":0},"end":{"line":1,"column":36}},"1":{"start":{"line":15,"column":8},"end":{"line":15,"column":53}},"2":{"start":{"line":16,"column":8},"end":{"line":16,"column":33}},"3":{"start":{"line":17,"column":8},"end":{"line":17,"column":35}},"4":{"start":{"line":18,"column":8},"end":{"line":18,"column":53}},"5":{"start":{"line":22,"column":20},"end":{"line":22,"column":57}},"6":{"start":{"line":24,"column":8},"end":{"line":39,"column":null}},"7":{"start":{"line":25,"column":34},"end":{"line":25,"column":93}},"8":{"start":{"line":27,"column":12},"end":{"line":29,"column":null}},"9":{"start":{"line":28,"column":16},"end":{"line":28,"column":57}},"10":{"start":{"line":31,"column":12},"end":{"line":31,"column":69}},"11":{"start":{"line":32,"column":27},"end":{"line":32,"column":64}},"12":{"start":{"line":34,"column":12},"end":{"line":34,"column":54}},"13":{"start":{"line":35,"column":12},"end":{"line":35,"column":26}},"14":{"start":{"line":37,"column":12},"end":{"line":37,"column":56}},"15":{"start":{"line":38,"column":12},"end":{"line":38,"column":24}},"16":{"start":{"line":43,"column":20},"end":{"line":43,"column":57}},"17":{"start":{"line":45,"column":8},"end":{"line":69,"column":null}},"18":{"start":{"line":46,"column":27},"end":{"line":46,"column":69}},"19":{"start":{"line":48,"column":12},"end":{"line":50,"column":null}},"20":{"start":{"line":49,"column":16},"end":{"line":49,"column":54}},"21":{"start":{"line":52,"column":26},"end":{"line":59,"column":null}},"22":{"start":{"line":62,"column":12},"end":{"line":62,"column":54}},"23":{"start":{"line":63,"column":12},"end":{"line":65,"column":14}},"24":{"start":{"line":67,"column":12},"end":{"line":67,"column":56}},"25":{"start":{"line":68,"column":12},"end":{"line":68,"column":24}},"26":{"start":{"line":73,"column":20},"end":{"line":73,"column":57}},"27":{"start":{"line":75,"column":8},"end":{"line":99,"column":null}},"28":{"start":{"line":76,"column":30},"end":{"line":76,"column":69}},"29":{"start":{"line":80,"column":35},"end":{"line":80,"column":61}},"30":{"start":{"line":82,"column":12},"end":{"line":88,"column":15}},"31":{"start":{"line":90,"column":12},"end":{"line":90,"column":47}},"32":{"start":{"line":91,"column":12},"end":{"line":91,"column":55}},"33":{"start":{"line":94,"column":12},"end":{"line":94,"column":54}},"34":{"start":{"line":95,"column":12},"end":{"line":95,"column":29}},"35":{"start":{"line":97,"column":12},"end":{"line":97,"column":56}},"36":{"start":{"line":98,"column":12},"end":{"line":98,"column":24}},"37":{"start":{"line":8,"column":0},"end":{"line":8,"column":21}}},"fnMap":{"0":{"name":"(anonymous_7)","decl":{"start":{"line":14,"column":4},"end":{"line":14,"column":16}},"loc":{"start":{"line":14,"column":145},"end":{"line":19,"column":5}}},"1":{"name":"(anonymous_8)","decl":{"start":{"line":21,"column":10},"end":{"line":21,"column":16}},"loc":{"start":{"line":21,"column":28},"end":{"line":40,"column":null}}},"2":{"name":"(anonymous_10)","decl":{"start":{"line":42,"column":10},"end":{"line":42,"column":16}},"loc":{"start":{"line":42,"column":28},"end":{"line":70,"column":null}}},"3":{"name":"(anonymous_12)","decl":{"start":{"line":72,"column":10},"end":{"line":72,"column":17}},"loc":{"start":{"line":72,"column":45},"end":{"line":100,"column":null}}}},"branchMap":{"0":{"loc":{"start":{"line":27,"column":12},"end":{"line":29,"column":null}},"type":"if","locations":[{"start":{"line":27,"column":12},"end":{"line":29,"column":null}}]},"1":{"loc":{"start":{"line":48,"column":12},"end":{"line":50,"column":null}},"type":"if","locations":[{"start":{"line":48,"column":12},"end":{"line":50,"column":null}}]}},"s":{"0":1,"1":2,"2":2,"3":2,"4":2,"5":2,"6":2,"7":2,"8":2,"9":0,"10":2,"11":2,"12":2,"13":2,"14":0,"15":0,"16":2,"17":2,"18":2,"19":2,"20":1,"21":1,"22":1,"23":1,"24":1,"25":1,"26":0,"27":0,"28":0,"29":0,"30":0,"31":0,"32":0,"33":0,"34":0,"35":0,"36":0,"37":1},"f":{"0":2,"1":2,"2":2,"3":0},"b":{"0":[0],"1":[1]}}
}
