TN:
SF:src/domain/bid/usecase/helper.ts
FN:3,(anonymous_0)
FN:20,(anonymous_1)
FN:43,(anonymous_2)
FN:49,(anonymous_3)
FN:60,(anonymous_4)
FN:62,(anonymous_5)
FN:65,(anonymous_6)
FNF:7
FNH:0
FNDA:0,(anonymous_0)
FNDA:0,(anonymous_1)
FNDA:0,(anonymous_2)
FNDA:0,(anonymous_3)
FNDA:0,(anonymous_4)
FNDA:0,(anonymous_5)
FNDA:0,(anonymous_6)
DA:3,0
DA:5,0
DA:6,0
DA:9,0
DA:12,0
DA:14,0
DA:17,0
DA:20,0
DA:33,0
DA:34,0
DA:38,0
DA:39,0
DA:43,0
DA:44,0
DA:45,0
DA:49,0
DA:50,0
DA:51,0
DA:55,0
DA:56,0
DA:60,0
DA:62,0
DA:65,0
DA:66,0
DA:68,0
DA:76,0
DA:79,0
DA:81,0
DA:85,0
LF:29
LH:0
BRDA:12,0,0,0
BRDA:33,1,0,0
BRDA:38,2,0,0
BRDA:44,3,0,0
BRDA:50,4,0,0
BRDA:55,5,0,0
BRDA:66,6,0,0
BRF:7
BRH:0
end_of_record
TN:
SF:src/domain/bid/usecase/index.ts
FN:18,(anonymous_7)
FN:26,(anonymous_8)
FNF:2
FNH:0
FNDA:0,(anonymous_7)
FNDA:0,(anonymous_8)
DA:8,0
DA:11,0
DA:19,0
DA:20,0
DA:21,0
DA:22,0
DA:23,0
DA:27,0
DA:29,0
DA:30,0
DA:32,0
DA:34,0
DA:36,0
DA:38,0
DA:41,0
DA:42,0
DA:46,0
DA:49,0
DA:65,0
DA:67,0
DA:69,0
DA:70,0
DA:72,0
DA:74,0
DA:76,0
DA:79,0
DA:85,0
DA:94,0
DA:96,0
DA:97,0
DA:106,0
DA:113,0
DA:122,0
DA:130,0
DA:135,0
DA:142,0
DA:151,0
DA:152,0
DA:154,0
DA:155,0
DA:156,0
LF:41
LH:0
BRDA:41,0,0,0
BRDA:69,1,0,0
BRF:2
BRH:0
end_of_record
TN:
SF:src/domain/product/usecase/helper.ts
FN:3,(anonymous_0)
FNF:1
FNH:0
FNDA:0,(anonymous_0)
DA:3,0
DA:5,0
DA:6,0
DA:9,0
DA:12,0
DA:13,0
DA:14,0
DA:17,0
LF:8
LH:0
BRDA:12,0,0,0
BRF:1
BRH:0
end_of_record
TN:
SF:src/domain/product/usecase/index.ts
FN:15,(anonymous_7)
FN:25,(anonymous_8)
FN:39,(anonymous_10)
FN:55,(anonymous_12)
FNF:4
FNH:0
FNDA:0,(anonymous_7)
FNDA:0,(anonymous_8)
FNDA:0,(anonymous_10)
FNDA:0,(anonymous_12)
DA:5,0
DA:9,0
DA:16,0
DA:17,0
DA:18,0
DA:19,0
DA:26,0
DA:28,0
DA:29,0
DA:31,0
DA:32,0
DA:34,0
DA:35,0
DA:40,0
DA:42,0
DA:43,0
DA:45,0
DA:47,0
DA:48,0
DA:50,0
DA:51,0
DA:56,0
DA:58,0
DA:59,0
DA:61,0
DA:62,0
DA:63,0
DA:65,0
DA:79,0
DA:81,0
DA:82,0
LF:31
LH:0
BRDA:61,0,0,0
BRDA:63,1,0,0
BRF:2
BRH:0
end_of_record
TN:
SF:src/domain/user/usecase/index.ts
FN:14,(anonymous_7)
FN:21,(anonymous_8)
FN:42,(anonymous_10)
FN:72,(anonymous_12)
FNF:4
FNH:3
FNDA:2,(anonymous_7)
FNDA:2,(anonymous_8)
FNDA:2,(anonymous_10)
FNDA:0,(anonymous_12)
DA:1,1
DA:8,1
DA:15,2
DA:16,2
DA:17,2
DA:18,2
DA:22,2
DA:24,2
DA:25,2
DA:27,2
DA:28,0
DA:31,2
DA:32,2
DA:34,2
DA:35,2
DA:37,0
DA:38,0
DA:43,2
DA:45,2
DA:46,2
DA:48,2
DA:49,1
DA:52,1
DA:62,1
DA:63,1
DA:67,1
DA:68,1
DA:73,0
DA:75,0
DA:76,0
DA:80,0
DA:82,0
DA:90,0
DA:91,0
DA:94,0
DA:95,0
DA:97,0
DA:98,0
LF:38
LH:24
BRDA:27,0,0,0
BRDA:48,1,0,1
BRF:2
BRH:1
end_of_record
